2025-08-28 20:26:21 [[31merror[39m]: Verification code has expired. Please request a new one.
2025-08-28 20:26:53 [[31merror[39m]: Verification code has expired. Please request a new one.
2025-08-28 20:30:23 [[31merror[39m]: Verification code has expired. Please request a new one.
2025-08-28 22:50:41 [[31merror[39m]: Email and Otp are required
2025-08-28 22:53:54 [[31merror[39m]: Invalid registration data
2025-08-28 22:53:54 [[31merror[39m]: Invalid registration data format: 
2025-08-28 22:55:49 [[31merror[39m]: Verification code has expired. Please request a new one.
2025-08-28 22:56:10 [[31merror[39m]: Verification code has expired. Please request a new one.
2025-08-28 22:56:12 [[31merror[39m]: Verification code has expired. Please request a new one.
2025-08-28 22:56:57 [[31merror[39m]: data and hash must be strings
2025-08-28 22:57:20 [[31merror[39m]: Invalid registration data
2025-08-28 22:57:20 [[31merror[39m]: Invalid registration data format: 
2025-08-28 22:57:48 [[31merror[39m]: Invalid registration data
2025-08-28 22:57:48 [[31merror[39m]: Invalid registration data format: 
2025-08-28 22:58:14 [[31merror[39m]: Invalid registration data
2025-08-28 22:58:14 [[31merror[39m]: Invalid registration data format: 
2025-08-28 23:00:27 [[31merror[39m]: Invalid registration data
2025-08-28 23:00:27 [[31merror[39m]: Invalid registration data format: 
2025-08-28 23:01:07 [[31merror[39m]: Invalid registration data
2025-08-28 23:01:07 [[31merror[39m]: Invalid registration data format: 
2025-08-28 23:10:29 [[31merror[39m]: Verification code has expired. Please request a new one.
2025-08-29 09:18:32 [[31merror[39m]: Verification code has expired. Please request a new one.
2025-08-29 09:19:32 [[31merror[39m]: Verification code has expired. Please request a new one.
2025-08-29 09:20:28 [[31merror[39m]: Verification code has expired. Please request a new one.
2025-08-29 09:22:38 [[31merror[39m]: Verification code has expired. Please request a new one.
2025-08-29 09:25:01 [[31merror[39m]: Verification code has expired. Please request a new one.
2025-08-29 10:37:35 [[31merror[39m]: Verification code has expired. Please request a new one.
2025-08-29 10:38:24 [[31merror[39m]: Verification code has expired. Please request a new one.
2025-08-29 10:40:52 [[31merror[39m]: Verification code has expired. Please request a new one.
2025-08-29 10:43:37 [[31merror[39m]: option expires is invalid
2025-08-29 10:57:52 [[31merror[39m]: option expires is invalid
2025-08-29 11:00:08 [[31merror[39m]: option expires is invalid
2025-08-29 11:01:12 [[31merror[39m]: Verification code has expired. Please request a new one.
2025-08-29 11:02:04 [[31merror[39m]: option expires is invalid
